14:18:39.854 407  [main] INFO  o.s.b.t.c.SpringBootTestContextBootstrapper - Neither @ContextConfiguration nor @ContextHierarchy found for test class [com.goldcard.controller.PushDataControllerTest], using SpringBootContextLoader
14:18:39.866 419  [main] INFO  o.s.t.c.s.AbstractContextLoader - Could not detect default resource locations for test class [com.goldcard.controller.PushDataControllerTest]: no resource found for suffixes {-context.xml, Context.groovy}.
14:18:40.021 574  [main] INFO  o.s.b.t.c.SpringBootTestContextBootstrapper - Loaded default TestExecutionListener class names from location [META-INF/spring.factories]: [org.springframework.boot.test.mock.mockito.MockitoTestExecutionListener, org.springframework.boot.test.mock.mockito.ResetMocksTestExecutionListener, org.springframework.boot.test.autoconfigure.restdocs.RestDocsTestExecutionListener, org.springframework.boot.test.autoconfigure.web.client.MockRestServiceServerResetTestExecutionListener, org.springframework.boot.test.autoconfigure.web.servlet.MockMvcPrintOnlyOnFailureTestExecutionListener, org.springframework.boot.test.autoconfigure.web.servlet.WebDriverTestExecutionListener, org.springframework.test.context.web.ServletTestExecutionListener, org.springframework.test.context.support.DirtiesContextBeforeModesTestExecutionListener, org.springframework.test.context.support.DependencyInjectionTestExecutionListener, org.springframework.test.context.support.DirtiesContextTestExecutionListener, org.springframework.test.context.transaction.TransactionalTestExecutionListener, org.springframework.test.context.jdbc.SqlScriptsTestExecutionListener]
14:18:40.078 631  [main] INFO  o.s.b.t.c.SpringBootTestContextBootstrapper - Using TestExecutionListeners: [org.springframework.test.context.web.ServletTestExecutionListener@7ad4cdd4, org.springframework.test.context.support.DirtiesContextBeforeModesTestExecutionListener@2915584c, org.springframework.boot.test.autoconfigure.SpringBootDependencyInjectionTestExecutionListener@3857faa6, org.springframework.test.context.support.DirtiesContextTestExecutionListener@1808c530, org.springframework.test.context.transaction.TransactionalTestExecutionListener@67c9dea3, org.springframework.test.context.jdbc.SqlScriptsTestExecutionListener@7637d490, org.springframework.boot.test.mock.mockito.MockitoTestExecutionListener@4b647692, org.springframework.boot.test.mock.mockito.ResetMocksTestExecutionListener@30a491e9, org.springframework.boot.test.autoconfigure.restdocs.RestDocsTestExecutionListener@46770f2, org.springframework.boot.test.autoconfigure.web.client.MockRestServiceServerResetTestExecutionListener@23282220, org.springframework.boot.test.autoconfigure.web.servlet.MockMvcPrintOnlyOnFailureTestExecutionListener@1fd874e8, org.springframework.boot.test.autoconfigure.web.servlet.WebDriverTestExecutionListener@3be33bad]
14:18:40.722 1275 [main] INFO  c.g.c.PushDataControllerTest - Starting PushDataControllerTest on JKHZLT0335-2017 with PID 16444 (started by 1933 in D:\testpace-new\XA_Redis)
14:18:40.723 1276 [main] INFO  c.g.c.PushDataControllerTest - No active profile set, falling back to default profiles: default
14:18:40.766 1319 [main] INFO  o.s.w.c.s.GenericWebApplicationContext - Refreshing org.springframework.web.context.support.GenericWebApplicationContext@17e87b37: startup date [Wed Oct 10 14:18:40 CST 2018]; root of context hierarchy
14:18:41.347 1900 [background-preinit] INFO  o.h.validator.internal.util.Version - HV000001: Hibernate Validator 5.3.6.Final
14:18:41.684 2237 [main] INFO  o.s.d.r.c.RepositoryConfigurationDelegate - Multiple Spring Data modules found, entering strict repository configuration mode!
14:18:42.200 2753 [main] INFO  o.s.c.s.PostProcessorRegistrationDelegate$BeanPostProcessorChecker - Bean 'redisConfig' of type [com.goldcard.config.RedisConfig$$EnhancerBySpringCGLIB$$e21a7b9e] is not eligible for getting processed by all BeanPostProcessors (for example: not eligible for auto-proxying)
14:18:42.226 2779 [main] INFO  o.s.c.s.PostProcessorRegistrationDelegate$BeanPostProcessorChecker - Bean 'keyGenerator' of type [com.goldcard.config.RedisConfig$1] is not eligible for getting processed by all BeanPostProcessors (for example: not eligible for auto-proxying)
14:18:42.227 2780 [main] INFO  o.s.c.s.PostProcessorRegistrationDelegate$BeanPostProcessorChecker - Bean 'org.springframework.cache.annotation.ProxyCachingConfiguration' of type [org.springframework.cache.annotation.ProxyCachingConfiguration$$EnhancerBySpringCGLIB$$adb633f5] is not eligible for getting processed by all BeanPostProcessors (for example: not eligible for auto-proxying)
14:18:43.365 3918 [main] INFO  o.s.w.s.m.m.a.RequestMappingHandlerAdapter - Looking for @ControllerAdvice: org.springframework.web.context.support.GenericWebApplicationContext@17e87b37: startup date [Wed Oct 10 14:18:40 CST 2018]; root of context hierarchy
14:18:43.446 3999 [main] INFO  o.s.w.s.m.m.a.RequestMappingHandlerMapping - Mapped "{[/meterno/{meterno}],methods=[POST]}" onto public com.goldcard.dto.Results com.goldcard.controller.PushDataController.addToRedis(java.lang.String)
14:18:43.449 4002 [main] INFO  o.s.w.s.m.m.a.RequestMappingHandlerMapping - Mapped "{[/error]}" onto public org.springframework.http.ResponseEntity<java.util.Map<java.lang.String, java.lang.Object>> org.springframework.boot.autoconfigure.web.BasicErrorController.error(javax.servlet.http.HttpServletRequest)
14:18:43.449 4002 [main] INFO  o.s.w.s.m.m.a.RequestMappingHandlerMapping - Mapped "{[/error],produces=[text/html]}" onto public org.springframework.web.servlet.ModelAndView org.springframework.boot.autoconfigure.web.BasicErrorController.errorHtml(javax.servlet.http.HttpServletRequest,javax.servlet.http.HttpServletResponse)
14:18:43.494 4047 [main] INFO  o.s.w.s.h.SimpleUrlHandlerMapping - Mapped URL path [/webjars/**] onto handler of type [class org.springframework.web.servlet.resource.ResourceHttpRequestHandler]
14:18:43.495 4048 [main] INFO  o.s.w.s.h.SimpleUrlHandlerMapping - Mapped URL path [/**] onto handler of type [class org.springframework.web.servlet.resource.ResourceHttpRequestHandler]
14:18:43.557 4110 [main] INFO  o.s.w.s.h.SimpleUrlHandlerMapping - Mapped URL path [/**/favicon.ico] onto handler of type [class org.springframework.web.servlet.resource.ResourceHttpRequestHandler]
14:18:44.086 4639 [main] INFO  c.g.c.PushDataControllerTest - Started PushDataControllerTest in 3.826 seconds (JVM running for 4.982)
14:18:44.179 4732 [main] INFO  o.s.b.t.m.w.SpringBootMockServletContext - Initializing Spring FrameworkServlet ''
14:18:44.179 4732 [main] INFO  o.s.t.w.s.TestDispatcherServlet - FrameworkServlet '': initialization started
14:18:44.201 4754 [main] INFO  o.s.t.w.s.TestDispatcherServlet - FrameworkServlet '': initialization completed in 22 ms
14:18:44.425 4978 [main] INFO  c.g.controller.PushDataController - 将表号:201806200925,推送至redis成功
14:18:44.515 5068 [Thread-2] INFO  o.s.w.c.s.GenericWebApplicationContext - Closing org.springframework.web.context.support.GenericWebApplicationContext@17e87b37: startup date [Wed Oct 10 14:18:40 CST 2018]; root of context hierarchy
