09:20:01.033 1555 [main] INFO  com.goldcard.Main - Starting Main on JKHZLT0335-2017 with PID 8400 (D:\testpace-new\XA_Redis\target\classes started by G001933 in D:\testpace-new\XA_Redis)
09:20:01.038 1560 [main] INFO  com.goldcard.Main - No active profile set, falling back to default profiles: default
09:20:01.132 1654 [main] INFO  o.s.b.c.e.AnnotationConfigEmbeddedWebApplicationContext - Refreshing org.springframework.boot.context.embedded.AnnotationConfigEmbeddedWebApplicationContext@6cf0b203: startup date [Wed Nov 18 09:20:01 CST 2020]; root of context hierarchy
09:20:02.072 2594 [background-preinit] INFO  o.h.validator.internal.util.Version - HV000001: Hibernate Validator 5.3.6.Final
09:20:02.676 3198 [main] INFO  o.s.d.r.c.RepositoryConfigurationDelegate - Multiple Spring Data modules found, entering strict repository configuration mode!
09:20:03.314 3836 [main] INFO  o.s.c.s.PostProcessorRegistrationDelegate$BeanPostProcessorChecker - Bean 'redisConfig' of type [com.goldcard.config.RedisConfig$$EnhancerBySpringCGLIB$$6726184b] is not eligible for getting processed by all BeanPostProcessors (for example: not eligible for auto-proxying)
09:20:03.339 3861 [main] INFO  o.s.c.s.PostProcessorRegistrationDelegate$BeanPostProcessorChecker - Bean 'keyGenerator' of type [com.goldcard.config.RedisConfig$1] is not eligible for getting processed by all BeanPostProcessors (for example: not eligible for auto-proxying)
09:20:03.340 3862 [main] INFO  o.s.c.s.PostProcessorRegistrationDelegate$BeanPostProcessorChecker - Bean 'org.springframework.cache.annotation.ProxyCachingConfiguration' of type [org.springframework.cache.annotation.ProxyCachingConfiguration$$EnhancerBySpringCGLIB$$32c1d0a2] is not eligible for getting processed by all BeanPostProcessors (for example: not eligible for auto-proxying)
09:20:04.872 5394 [main] INFO  o.s.b.c.e.t.TomcatEmbeddedServletContainer - Tomcat initialized with port(s): 8090 (http)
09:20:04.884 5406 [main] INFO  o.a.catalina.core.StandardService - Starting service [Tomcat]
09:20:04.885 5407 [main] INFO  o.a.catalina.core.StandardEngine - Starting Servlet Engine: Apache Tomcat/8.5.27
09:20:05.067 5589 [localhost-startStop-1] INFO  o.a.c.c.C.[Tomcat].[localhost].[/] - Initializing Spring embedded WebApplicationContext
09:20:05.068 5590 [localhost-startStop-1] INFO  o.s.web.context.ContextLoader - Root WebApplicationContext: initialization completed in 3937 ms
09:20:05.318 5840 [localhost-startStop-1] INFO  o.s.b.w.s.ServletRegistrationBean - Mapping servlet: 'dispatcherServlet' to [/]
09:20:05.324 5846 [localhost-startStop-1] INFO  o.s.b.w.s.FilterRegistrationBean - Mapping filter: 'characterEncodingFilter' to: [/*]
09:20:05.324 5846 [localhost-startStop-1] INFO  o.s.b.w.s.FilterRegistrationBean - Mapping filter: 'hiddenHttpMethodFilter' to: [/*]
09:20:05.325 5847 [localhost-startStop-1] INFO  o.s.b.w.s.FilterRegistrationBean - Mapping filter: 'httpPutFormContentFilter' to: [/*]
09:20:05.325 5847 [localhost-startStop-1] INFO  o.s.b.w.s.FilterRegistrationBean - Mapping filter: 'requestContextFilter' to: [/*]
09:20:06.000 6522 [main] INFO  o.s.w.s.m.m.a.RequestMappingHandlerAdapter - Looking for @ControllerAdvice: org.springframework.boot.context.embedded.AnnotationConfigEmbeddedWebApplicationContext@6cf0b203: startup date [Wed Nov 18 09:20:01 CST 2020]; root of context hierarchy
09:20:06.106 6628 [main] INFO  o.s.w.s.m.m.a.RequestMappingHandlerMapping - Mapped "{[/meterno/{meterno}],methods=[POST]}" onto public com.goldcard.dto.Results com.goldcard.controller.PushDataController.addToRedis(java.lang.String)
09:20:06.110 6632 [main] INFO  o.s.w.s.m.m.a.RequestMappingHandlerMapping - Mapped "{[/error]}" onto public org.springframework.http.ResponseEntity<java.util.Map<java.lang.String, java.lang.Object>> org.springframework.boot.autoconfigure.web.BasicErrorController.error(javax.servlet.http.HttpServletRequest)
09:20:06.111 6633 [main] INFO  o.s.w.s.m.m.a.RequestMappingHandlerMapping - Mapped "{[/error],produces=[text/html]}" onto public org.springframework.web.servlet.ModelAndView org.springframework.boot.autoconfigure.web.BasicErrorController.errorHtml(javax.servlet.http.HttpServletRequest,javax.servlet.http.HttpServletResponse)
09:20:06.154 6676 [main] INFO  o.s.w.s.h.SimpleUrlHandlerMapping - Mapped URL path [/webjars/**] onto handler of type [class org.springframework.web.servlet.resource.ResourceHttpRequestHandler]
09:20:06.154 6676 [main] INFO  o.s.w.s.h.SimpleUrlHandlerMapping - Mapped URL path [/**] onto handler of type [class org.springframework.web.servlet.resource.ResourceHttpRequestHandler]
09:20:06.228 6750 [main] INFO  o.s.w.s.h.SimpleUrlHandlerMapping - Mapped URL path [/**/favicon.ico] onto handler of type [class org.springframework.web.servlet.resource.ResourceHttpRequestHandler]
09:20:06.834 7356 [main] INFO  o.s.j.e.a.AnnotationMBeanExporter - Registering beans for JMX exposure on startup
09:20:06.908 7430 [main] INFO  o.a.coyote.http11.Http11NioProtocol - Initializing ProtocolHandler ["http-nio-8090"]
09:20:07.431 7953 [main] INFO  o.a.coyote.http11.Http11NioProtocol - Starting ProtocolHandler ["http-nio-8090"]
09:20:07.485 8007 [main] INFO  o.a.tomcat.util.net.NioSelectorPool - Using a shared selector for servlet write/read
09:20:07.529 8051 [main] INFO  o.s.b.c.e.t.TomcatEmbeddedServletContainer - Tomcat started on port(s): 8090 (http)
09:20:07.538 8060 [main] INFO  com.goldcard.Main - Started Main in 7.342 seconds (JVM running for 8.354)
09:20:41.032 41554 [http-nio-8090-exec-1] INFO  o.a.c.c.C.[Tomcat].[localhost].[/] - Initializing Spring FrameworkServlet 'dispatcherServlet'
09:20:41.033 41555 [http-nio-8090-exec-1] INFO  o.s.web.servlet.DispatcherServlet - FrameworkServlet 'dispatcherServlet': initialization started
09:20:41.104 41626 [http-nio-8090-exec-1] INFO  o.s.web.servlet.DispatcherServlet - FrameworkServlet 'dispatcherServlet': initialization completed in 71 ms
09:20:41.509 42031 [http-nio-8090-exec-1] INFO  c.g.controller.PushDataController - 将表号:281709212172,推送至redis成功
