14:19:29.050 628  [main] INFO  com.goldcard.Main - Starting Main on JKHZLT0335-2017 with PID 11032 (D:\testpace-new\XA_Redis\target\classes started by 1933 in D:\testpace-new\XA_Redis)
14:19:29.053 631  [main] INFO  com.goldcard.Main - No active profile set, falling back to default profiles: default
14:19:29.119 697  [main] INFO  o.s.b.c.e.AnnotationConfigEmbeddedWebApplicationContext - Refreshing org.springframework.boot.context.embedded.AnnotationConfigEmbeddedWebApplicationContext@a514af7: startup date [Wed Jun 20 14:19:29 CST 2018]; root of context hierarchy
14:19:29.473 1051 [background-preinit] INFO  o.h.validator.internal.util.Version - HV000001: Hibernate Validator 5.3.6.Final
14:19:29.967 1545 [main] INFO  o.s.d.r.c.RepositoryConfigurationDelegate - Multiple Spring Data modules found, entering strict repository configuration mode!
14:19:30.323 1901 [main] INFO  o.s.c.s.PostProcessorRegistrationDelegate$BeanPostProcessorChecker - Bean 'redisConfig' of type [com.goldcard.config.RedisConfig$$EnhancerBySpringCGLIB$$1ec0d200] is not eligible for getting processed by all BeanPostProcessors (for example: not eligible for auto-proxying)
14:19:30.342 1920 [main] INFO  o.s.c.s.PostProcessorRegistrationDelegate$BeanPostProcessorChecker - Bean 'keyGenerator' of type [com.goldcard.config.RedisConfig$1] is not eligible for getting processed by all BeanPostProcessors (for example: not eligible for auto-proxying)
14:19:30.343 1921 [main] INFO  o.s.c.s.PostProcessorRegistrationDelegate$BeanPostProcessorChecker - Bean 'org.springframework.cache.annotation.ProxyCachingConfiguration' of type [org.springframework.cache.annotation.ProxyCachingConfiguration$$EnhancerBySpringCGLIB$$ea5c8a57] is not eligible for getting processed by all BeanPostProcessors (for example: not eligible for auto-proxying)
14:19:31.138 2716 [main] INFO  o.s.b.c.e.t.TomcatEmbeddedServletContainer - Tomcat initialized with port(s): 8090 (http)
14:19:31.149 2727 [main] INFO  o.a.catalina.core.StandardService - Starting service [Tomcat]
14:19:31.150 2728 [main] INFO  o.a.catalina.core.StandardEngine - Starting Servlet Engine: Apache Tomcat/8.5.27
14:19:31.276 2854 [localhost-startStop-1] INFO  o.a.c.c.C.[Tomcat].[localhost].[/] - Initializing Spring embedded WebApplicationContext
14:19:31.276 2854 [localhost-startStop-1] INFO  o.s.web.context.ContextLoader - Root WebApplicationContext: initialization completed in 2157 ms
14:19:31.459 3037 [localhost-startStop-1] INFO  o.s.b.w.s.ServletRegistrationBean - Mapping servlet: 'dispatcherServlet' to [/]
14:19:31.463 3041 [localhost-startStop-1] INFO  o.s.b.w.s.FilterRegistrationBean - Mapping filter: 'characterEncodingFilter' to: [/*]
14:19:31.464 3042 [localhost-startStop-1] INFO  o.s.b.w.s.FilterRegistrationBean - Mapping filter: 'hiddenHttpMethodFilter' to: [/*]
14:19:31.464 3042 [localhost-startStop-1] INFO  o.s.b.w.s.FilterRegistrationBean - Mapping filter: 'httpPutFormContentFilter' to: [/*]
14:19:31.464 3042 [localhost-startStop-1] INFO  o.s.b.w.s.FilterRegistrationBean - Mapping filter: 'requestContextFilter' to: [/*]
14:19:31.924 3502 [main] INFO  o.s.w.s.m.m.a.RequestMappingHandlerAdapter - Looking for @ControllerAdvice: org.springframework.boot.context.embedded.AnnotationConfigEmbeddedWebApplicationContext@a514af7: startup date [Wed Jun 20 14:19:29 CST 2018]; root of context hierarchy
14:19:31.995 3573 [main] INFO  o.s.w.s.m.m.a.RequestMappingHandlerMapping - Mapped "{[/meterno/{meterno}],methods=[POST]}" onto public void com.goldcard.controller.PushDataController.addToRedis(java.lang.String)
14:19:31.997 3575 [main] INFO  o.s.w.s.m.m.a.RequestMappingHandlerMapping - Mapped "{[/error]}" onto public org.springframework.http.ResponseEntity<java.util.Map<java.lang.String, java.lang.Object>> org.springframework.boot.autoconfigure.web.BasicErrorController.error(javax.servlet.http.HttpServletRequest)
14:19:31.998 3576 [main] INFO  o.s.w.s.m.m.a.RequestMappingHandlerMapping - Mapped "{[/error],produces=[text/html]}" onto public org.springframework.web.servlet.ModelAndView org.springframework.boot.autoconfigure.web.BasicErrorController.errorHtml(javax.servlet.http.HttpServletRequest,javax.servlet.http.HttpServletResponse)
14:19:32.023 3601 [main] INFO  o.s.w.s.h.SimpleUrlHandlerMapping - Mapped URL path [/webjars/**] onto handler of type [class org.springframework.web.servlet.resource.ResourceHttpRequestHandler]
14:19:32.023 3601 [main] INFO  o.s.w.s.h.SimpleUrlHandlerMapping - Mapped URL path [/**] onto handler of type [class org.springframework.web.servlet.resource.ResourceHttpRequestHandler]
14:19:32.061 3639 [main] INFO  o.s.w.s.h.SimpleUrlHandlerMapping - Mapped URL path [/**/favicon.ico] onto handler of type [class org.springframework.web.servlet.resource.ResourceHttpRequestHandler]
14:19:32.350 3928 [main] INFO  o.s.j.e.a.AnnotationMBeanExporter - Registering beans for JMX exposure on startup
14:19:32.368 3946 [main] INFO  o.a.coyote.http11.Http11NioProtocol - Initializing ProtocolHandler ["http-nio-8090"]
14:19:32.382 3960 [main] INFO  o.a.coyote.http11.Http11NioProtocol - Starting ProtocolHandler ["http-nio-8090"]
14:19:32.408 3986 [main] INFO  o.a.tomcat.util.net.NioSelectorPool - Using a shared selector for servlet write/read
14:19:32.431 4009 [main] INFO  o.s.b.c.e.t.TomcatEmbeddedServletContainer - Tomcat started on port(s): 8090 (http)
14:19:32.442 4020 [main] INFO  com.goldcard.Main - Started Main in 3.732 seconds (JVM running for 4.189)
14:19:41.642 13220 [http-nio-8090-exec-1] INFO  o.a.c.c.C.[Tomcat].[localhost].[/] - Initializing Spring FrameworkServlet 'dispatcherServlet'
14:19:41.642 13220 [http-nio-8090-exec-1] INFO  o.s.web.servlet.DispatcherServlet - FrameworkServlet 'dispatcherServlet': initialization started
14:19:41.666 13244 [http-nio-8090-exec-1] INFO  o.s.web.servlet.DispatcherServlet - FrameworkServlet 'dispatcherServlet': initialization completed in 24 ms
14:19:41.778 13356 [http-nio-8090-exec-1] INFO  c.g.controller.PushDataController - 将表号:201806201419,推送至redis成功
14:19:47.097 18675 [http-nio-8090-exec-7] INFO  c.g.controller.PushDataController - 将表号:201806201420,推送至redis成功
14:19:50.263 21841 [http-nio-8090-exec-8] INFO  c.g.controller.PushDataController - 将表号:201806201421,推送至redis成功
14:22:35.653 187231 [http-nio-8090-exec-9] INFO  c.g.controller.PushDataController - 将表号:201806201422,推送至redis成功
14:38:25.337 650  [main] INFO  com.goldcard.Main - Starting Main on JKHZLT0335-2017 with PID 10428 (D:\testpace-new\XA_Redis\target\classes started by 1933 in D:\testpace-new\XA_Redis)
14:38:25.339 652  [main] INFO  com.goldcard.Main - No active profile set, falling back to default profiles: default
14:38:25.389 702  [main] INFO  o.s.b.c.e.AnnotationConfigEmbeddedWebApplicationContext - Refreshing org.springframework.boot.context.embedded.AnnotationConfigEmbeddedWebApplicationContext@5b239d7d: startup date [Wed Jun 20 14:38:25 CST 2018]; root of context hierarchy
14:38:25.786 1099 [background-preinit] INFO  o.h.validator.internal.util.Version - HV000001: Hibernate Validator 5.3.6.Final
14:38:26.322 1635 [main] INFO  o.s.d.r.c.RepositoryConfigurationDelegate - Multiple Spring Data modules found, entering strict repository configuration mode!
14:38:26.747 2060 [main] INFO  o.s.c.s.PostProcessorRegistrationDelegate$BeanPostProcessorChecker - Bean 'redisConfig' of type [com.goldcard.config.RedisConfig$$EnhancerBySpringCGLIB$$44d92287] is not eligible for getting processed by all BeanPostProcessors (for example: not eligible for auto-proxying)
14:38:26.771 2084 [main] INFO  o.s.c.s.PostProcessorRegistrationDelegate$BeanPostProcessorChecker - Bean 'keyGenerator' of type [com.goldcard.config.RedisConfig$1] is not eligible for getting processed by all BeanPostProcessors (for example: not eligible for auto-proxying)
14:38:26.772 2085 [main] INFO  o.s.c.s.PostProcessorRegistrationDelegate$BeanPostProcessorChecker - Bean 'org.springframework.cache.annotation.ProxyCachingConfiguration' of type [org.springframework.cache.annotation.ProxyCachingConfiguration$$EnhancerBySpringCGLIB$$1074dade] is not eligible for getting processed by all BeanPostProcessors (for example: not eligible for auto-proxying)
14:38:27.836 3149 [main] INFO  o.s.b.c.e.t.TomcatEmbeddedServletContainer - Tomcat initialized with port(s): 8090 (http)
14:38:27.851 3164 [main] INFO  o.a.catalina.core.StandardService - Starting service [Tomcat]
14:38:27.852 3165 [main] INFO  o.a.catalina.core.StandardEngine - Starting Servlet Engine: Apache Tomcat/8.5.27
14:38:27.994 3307 [localhost-startStop-1] INFO  o.a.c.c.C.[Tomcat].[localhost].[/] - Initializing Spring embedded WebApplicationContext
14:38:27.994 3307 [localhost-startStop-1] INFO  o.s.web.context.ContextLoader - Root WebApplicationContext: initialization completed in 2605 ms
14:38:28.196 3509 [localhost-startStop-1] INFO  o.s.b.w.s.ServletRegistrationBean - Mapping servlet: 'dispatcherServlet' to [/]
14:38:28.200 3513 [localhost-startStop-1] INFO  o.s.b.w.s.FilterRegistrationBean - Mapping filter: 'characterEncodingFilter' to: [/*]
14:38:28.201 3514 [localhost-startStop-1] INFO  o.s.b.w.s.FilterRegistrationBean - Mapping filter: 'hiddenHttpMethodFilter' to: [/*]
14:38:28.202 3515 [localhost-startStop-1] INFO  o.s.b.w.s.FilterRegistrationBean - Mapping filter: 'httpPutFormContentFilter' to: [/*]
14:38:28.202 3515 [localhost-startStop-1] INFO  o.s.b.w.s.FilterRegistrationBean - Mapping filter: 'requestContextFilter' to: [/*]
14:38:28.764 4077 [main] INFO  o.s.w.s.m.m.a.RequestMappingHandlerAdapter - Looking for @ControllerAdvice: org.springframework.boot.context.embedded.AnnotationConfigEmbeddedWebApplicationContext@5b239d7d: startup date [Wed Jun 20 14:38:25 CST 2018]; root of context hierarchy
14:38:28.833 4146 [main] INFO  o.s.w.s.m.m.a.RequestMappingHandlerMapping - Mapped "{[/meterno/{meterno}],methods=[POST]}" onto public void com.goldcard.controller.PushDataController.addToRedis(java.lang.String)
14:38:28.837 4150 [main] INFO  o.s.w.s.m.m.a.RequestMappingHandlerMapping - Mapped "{[/error]}" onto public org.springframework.http.ResponseEntity<java.util.Map<java.lang.String, java.lang.Object>> org.springframework.boot.autoconfigure.web.BasicErrorController.error(javax.servlet.http.HttpServletRequest)
14:38:28.838 4151 [main] INFO  o.s.w.s.m.m.a.RequestMappingHandlerMapping - Mapped "{[/error],produces=[text/html]}" onto public org.springframework.web.servlet.ModelAndView org.springframework.boot.autoconfigure.web.BasicErrorController.errorHtml(javax.servlet.http.HttpServletRequest,javax.servlet.http.HttpServletResponse)
14:38:28.864 4177 [main] INFO  o.s.w.s.h.SimpleUrlHandlerMapping - Mapped URL path [/webjars/**] onto handler of type [class org.springframework.web.servlet.resource.ResourceHttpRequestHandler]
14:38:28.865 4178 [main] INFO  o.s.w.s.h.SimpleUrlHandlerMapping - Mapped URL path [/**] onto handler of type [class org.springframework.web.servlet.resource.ResourceHttpRequestHandler]
14:38:28.913 4226 [main] INFO  o.s.w.s.h.SimpleUrlHandlerMapping - Mapped URL path [/**/favicon.ico] onto handler of type [class org.springframework.web.servlet.resource.ResourceHttpRequestHandler]
14:38:29.179 4492 [main] INFO  o.s.j.e.a.AnnotationMBeanExporter - Registering beans for JMX exposure on startup
14:38:29.199 4512 [main] INFO  o.a.coyote.http11.Http11NioProtocol - Initializing ProtocolHandler ["http-nio-8090"]
14:38:29.211 4524 [main] INFO  o.a.coyote.http11.Http11NioProtocol - Starting ProtocolHandler ["http-nio-8090"]
14:38:29.228 4541 [main] INFO  o.a.tomcat.util.net.NioSelectorPool - Using a shared selector for servlet write/read
14:38:29.250 4563 [main] INFO  o.s.b.c.e.t.TomcatEmbeddedServletContainer - Tomcat started on port(s): 8090 (http)
14:38:29.255 4568 [main] INFO  com.goldcard.Main - Started Main in 4.242 seconds (JVM running for 4.772)
14:38:49.055 24368 [http-nio-8090-exec-1] INFO  o.a.c.c.C.[Tomcat].[localhost].[/] - Initializing Spring FrameworkServlet 'dispatcherServlet'
14:38:49.056 24369 [http-nio-8090-exec-1] INFO  o.s.web.servlet.DispatcherServlet - FrameworkServlet 'dispatcherServlet': initialization started
14:38:49.096 24409 [http-nio-8090-exec-1] INFO  o.s.web.servlet.DispatcherServlet - FrameworkServlet 'dispatcherServlet': initialization completed in 40 ms
14:38:49.244 24557 [http-nio-8090-exec-1] INFO  c.g.controller.PushDataController - 将表号:201806201423,推送至redis成功
